<?xml version="1.0" encoding="UTF-8"?>
<testsuite xmlns:xsi="http://www.w3.org/2001/XMLSchema-instance" xsi:noNamespaceSchemaLocation="https://maven.apache.org/surefire/maven-surefire-plugin/xsd/surefire-test-report-3.0.xsd" version="3.0" name="com.impulsart.ImpulsArtApp.ImpulsArtAppApplicationTests" time="4.801" tests="1" errors="0" skipped="0" failures="0">
  <properties>
[...]
</properties>
  <testcase name="contextLoads" classname="com.impulsart.ImpulsArtApp.ImpulsArtAppApplicationTests" time="0.34">
    <system-out><![CDATA[15:08:06.561 [main] INFO org.springframework.test.context.support.AnnotationConfigContextLoaderUtils -- Could not detect default configuration classes for test class [com.impulsart.ImpulsArtApp.ImpulsArtAppApplicationTests]: ImpulsArtAppApplicationTests does not declare any static, non-private, non-final, nested classes annotated with @Configuration.
15:08:06.625 [main] INFO org.springframework.boot.test.context.SpringBootTestContextBootstrapper -- Found @SpringBootConfiguration com.impulsart.ImpulsArtApp.ImpulsArtAppApplication for test class com.impulsart.ImpulsArtApp.ImpulsArtAppApplicationTests
15:08:06.727 [main] INFO org.springframework.boot.devtools.restart.RestartApplicationListener -- Restart disabled due to context in which it is running

  .   ____          _            __ _ _
 /\\ / ___'_ __ _ _(_)_ __  __ _ \ \ \ \
( ( )\___ | '_ | '_| | '_ \/ _` | \ \ \ \
 \\/  ___)| |_)| | | | | || (_| |  ) ) ) )
  '  |____| .__|_| |_|_| |_\__, | / / / /
 =========|_|==============|___/=/_/_/_/
 :: Spring Boot ::                (v3.2.3)

2024-09-05T15:08:06.884-05:00  INFO 34516 --- [           main] c.i.I.ImpulsArtAppApplicationTests       : Starting ImpulsArtAppApplicationTests using Java 21.0.2 with PID 34516 (started by ANGEL in B:\Projectos\Intelligent Idea\ImpulsArt_Java\ImpulsArt_Java\ImpulsArtApp)
2024-09-05T15:08:06.885-05:00  INFO 34516 --- [           main] c.i.I.ImpulsArtAppApplicationTests       : No active profile set, falling back to 1 default profile: "default"
2024-09-05T15:08:07.386-05:00  INFO 34516 --- [           main] .s.d.r.c.RepositoryConfigurationDelegate : Bootstrapping Spring Data JPA repositories in DEFAULT mode.
2024-09-05T15:08:07.453-05:00  INFO 34516 --- [           main] .s.d.r.c.RepositoryConfigurationDelegate : Finished Spring Data repository scanning in 62 ms. Found 19 JPA repository interfaces.
2024-09-05T15:08:07.875-05:00  INFO 34516 --- [           main] o.hibernate.jpa.internal.util.LogHelper  : HHH000204: Processing PersistenceUnitInfo [name: default]
2024-09-05T15:08:07.937-05:00  INFO 34516 --- [           main] org.hibernate.Version                    : HHH000412: Hibernate ORM core version 6.4.4.Final
2024-09-05T15:08:07.961-05:00  INFO 34516 --- [           main] o.h.c.internal.RegionFactoryInitiator    : HHH000026: Second-level cache disabled
2024-09-05T15:08:08.155-05:00  INFO 34516 --- [           main] o.s.o.j.p.SpringPersistenceUnitInfo      : No LoadTimeWeaver setup: ignoring JPA class transformer
2024-09-05T15:08:08.176-05:00  INFO 34516 --- [           main] com.zaxxer.hikari.HikariDataSource       : HikariPool-1 - Starting...
2024-09-05T15:08:08.299-05:00  INFO 34516 --- [           main] com.zaxxer.hikari.pool.HikariPool        : HikariPool-1 - Added connection com.mysql.cj.jdbc.ConnectionImpl@1573e8a5
2024-09-05T15:08:08.301-05:00  INFO 34516 --- [           main] com.zaxxer.hikari.HikariDataSource       : HikariPool-1 - Start completed.
2024-09-05T15:08:08.341-05:00  WARN 34516 --- [           main] org.hibernate.dialect.Dialect            : HHH000511: The 5.5.0 version for [org.hibernate.dialect.MySQLDialect] is no longer supported, hence certain features may not work properly. The minimum supported version is 8.0.0. Check the community dialects project for available legacy versions.
2024-09-05T15:08:09.129-05:00  INFO 34516 --- [           main] o.h.e.t.j.p.i.JtaPlatformInitiator       : HHH000489: No JTA platform available (set 'hibernate.transaction.jta.platform' to enable JTA platform integration)
2024-09-05T15:08:09.246-05:00  INFO 34516 --- [           main] j.LocalContainerEntityManagerFactoryBean : Initialized JPA EntityManagerFactory for persistence unit 'default'
2024-09-05T15:08:09.560-05:00  INFO 34516 --- [           main] o.s.d.j.r.query.QueryEnhancerFactory     : Hibernate is in classpath; If applicable, HQL parser will be used.
2024-09-05T15:08:10.347-05:00  WARN 34516 --- [           main] JpaBaseConfiguration$JpaWebConfiguration : spring.jpa.open-in-view is enabled by default. Therefore, database queries may be performed during view rendering. Explicitly configure spring.jpa.open-in-view to disable this warning
2024-09-05T15:08:10.653-05:00  INFO 34516 --- [           main] o.s.s.web.DefaultSecurityFilterChain     : Will secure any request with [org.springframework.security.web.session.DisableEncodeUrlFilter@34883fa2, org.springframework.security.web.context.request.async.WebAsyncManagerIntegrationFilter@20a1c8a1, org.springframework.security.web.context.SecurityContextHolderFilter@48adb967, org.springframework.security.web.header.HeaderWriterFilter@249a7ccc, org.springframework.web.filter.CorsFilter@1ecf19e8, org.springframework.security.web.authentication.logout.LogoutFilter@b8f6500, com.impulsart.ImpulsArtApp.security.JwtAuthenticationFilter@673ade3d, org.springframework.security.web.authentication.www.BasicAuthenticationFilter@6ddf3c5e, org.springframework.security.web.savedrequest.RequestCacheAwareFilter@631f188a, org.springframework.security.web.servletapi.SecurityContextHolderAwareRequestFilter@285bee4e, org.springframework.security.web.authentication.AnonymousAuthenticationFilter@11d1c51a, org.springframework.security.web.session.SessionManagementFilter@69765d94, org.springframework.security.web.access.ExceptionTranslationFilter@1f9a472e, org.springframework.security.web.access.intercept.AuthorizationFilter@1cc07127]
2024-09-05T15:08:10.893-05:00  INFO 34516 --- [           main] c.i.I.ImpulsArtAppApplicationTests       : Started ImpulsArtAppApplicationTests in 4.175 seconds (process running for 4.798)
Hibernate: select s1_0.pk_cod_subasta,s1_0.estado_subasta,s1_0.fecha_finalizacion,s1_0.fecha_inicio,s1_0.fk_cod_producto,s1_0.precio_inicial from subastas s1_0 where s1_0.estado_subasta='Activo' and s1_0.fecha_finalizacion<=?
]]></system-out>
    <system-err><![CDATA[WARNING: A Java agent has been loaded dynamically (C:\Users\ANGEL\.m2\repository\net\bytebuddy\byte-buddy-agent\1.14.12\byte-buddy-agent-1.14.12.jar)
WARNING: If a serviceability tool is in use, please run with -XX:+EnableDynamicAgentLoading to hide this warning
WARNING: If a serviceability tool is not in use, please run with -Djdk.instrument.traceUsage for more information
WARNING: Dynamic loading of agents will be disallowed by default in a future release
]]></system-err>
  </testcase>
</testsuite>